<?xml version="1.0" encoding="UTF-8"?>
<!-- Generated by org.testng.reporters.JUnitReportReporter -->
<testsuite skipped="0" hostname="DESKTOP-DTEVS64" name="mypack.Gmail_Testng" tests="9" failures="0" timestamp="15 Nov 2017 17:16:19 GMT" time="120.459" errors="0">
  <testcase name="launch" time="27.029" classname="mypack.Gmail_Testng"/>
  <testcase name="launch" time="26.888" classname="mypack.Gmail_Testng"/>
  <testcase name="launch" time="27.137" classname="mypack.Gmail_Testng"/>
  <testcase name="useridtest" time="10.722" classname="mypack.Gmail_Testng"/>
  <testcase name="useridtest" time="10.847" classname="mypack.Gmail_Testng"/>
  <testcase name="useridtest" time="10.975" classname="mypack.Gmail_Testng"/>
  <testcase name="close" time="2.211" classname="mypack.Gmail_Testng"/>
  <testcase name="close" time="2.319" classname="mypack.Gmail_Testng"/>
  <testcase name="close" time="2.331" classname="mypack.Gmail_Testng"/>
</testsuite> <!-- mypack.Gmail_Testng -->
