<?xml version="1.0" encoding="UTF-8"?>
<!-- Generated by org.testng.reporters.JUnitReportReporter -->
<testsuite skipped="0" hostname="DESKTOP-DTEVS64" name="mypack.Gmail_Test_NG" tests="9" failures="0" timestamp="02 Oct 2017 04:53:38 GMT" time="103.679" errors="0">
  <testcase name="launch" time="22.387" classname="mypack.Gmail_Test_NG"/>
  <testcase name="launch" time="21.228" classname="mypack.Gmail_Test_NG"/>
  <testcase name="launch" time="22.269" classname="mypack.Gmail_Test_NG"/>
  <testcase name="useridtest" time="10.398" classname="mypack.Gmail_Test_NG"/>
  <testcase name="useridtest" time="10.367" classname="mypack.Gmail_Test_NG"/>
  <testcase name="useridtest" time="10.413" classname="mypack.Gmail_Test_NG"/>
  <testcase name="close" time="2.095" classname="mypack.Gmail_Test_NG"/>
  <testcase name="close" time="2.357" classname="mypack.Gmail_Test_NG"/>
  <testcase name="close" time="2.165" classname="mypack.Gmail_Test_NG"/>
</testsuite> <!-- mypack.Gmail_Test_NG -->
